<?xml version="1.0" encoding="UTF-8"?>
<!-- Generated by org.testng.reporters.JUnitReportReporter -->
<testsuite hostname="DESKTOP-OJD6TFS" name="com.shoaib.testng.AssertConcept" tests="2" failures="0" timestamp="14 Oct 2020 19:41:41 GMT" time="29.278" errors="0">
  <testcase name="googleLogoTest" time="11.449" classname="com.shoaib.testng.AssertConcept"/>
  <testcase name="googleTitleTest" time="17.829" classname="com.shoaib.testng.AssertConcept"/>
</testsuite> <!-- com.shoaib.testng.AssertConcept -->
