<?xml version="1.0" encoding="UTF-8"?>
<!-- Generated by org.testng.reporters.JUnitReportReporter -->
<testsuite hostname="DESKTOP-OJD6TFS" name="com.shoaib.testng.InvocationCountConcept" tests="15" failures="0" timestamp="14 Oct 2020 19:41:41 GMT" time="0.018" errors="0">
  <testcase name="sum" time="0.001" classname="com.shoaib.testng.InvocationCountConcept"/>
  <testcase name="sum" time="0.000" classname="com.shoaib.testng.InvocationCountConcept"/>
  <testcase name="substractionb" time="0.000" classname="com.shoaib.testng.InvocationCountConcept"/>
  <testcase name="substractionb" time="0.009" classname="com.shoaib.testng.InvocationCountConcept"/>
  <testcase name="sum" time="0.001" classname="com.shoaib.testng.InvocationCountConcept"/>
  <testcase name="substractionb" time="0.000" classname="com.shoaib.testng.InvocationCountConcept"/>
  <testcase name="sum" time="0.001" classname="com.shoaib.testng.InvocationCountConcept"/>
  <testcase name="sum" time="0.001" classname="com.shoaib.testng.InvocationCountConcept"/>
  <testcase name="substractionb" time="0.001" classname="com.shoaib.testng.InvocationCountConcept"/>
  <testcase name="sum" time="0.001" classname="com.shoaib.testng.InvocationCountConcept"/>
  <testcase name="sum" time="0.001" classname="com.shoaib.testng.InvocationCountConcept"/>
  <testcase name="sum" time="0.000" classname="com.shoaib.testng.InvocationCountConcept"/>
  <testcase name="substractionb" time="0.000" classname="com.shoaib.testng.InvocationCountConcept"/>
  <testcase name="sum" time="0.001" classname="com.shoaib.testng.InvocationCountConcept"/>
  <testcase name="sum" time="0.001" classname="com.shoaib.testng.InvocationCountConcept"/>
</testsuite> <!-- com.shoaib.testng.InvocationCountConcept -->
